<?xml version="1.0" encoding="UTF-8" standalone="no"?>
<testsuite failures="1" name="cucumber.runtime.formatter.JUnitFormatter" skipped="0" tests="1" time="0">
<testcase classname="Fingertip Login test cases" name="Validate login functionlity" time="0">
<failure message="The scenario has pending or undefined step(s)"><![CDATA[Given user launches Url of fingertip........................................undefined
And user enters username and password.......................................undefined
And user click on login button..............................................undefined
Then user validate "Sandbox: QASite" in home page...........................undefined
]]></failure>
</testcase>
</testsuite>
